<?xml version="1.0" encoding="UTF-8"?>
<!-- Generated by org.testng.reporters.JUnitReportReporter -->
<testsuite hostname="DESKTOP-E83PQSV" failures="0" tests="1" name="testCases.EbayRegisterTest" time="6.156" errors="0" timestamp="2024-12-02T20:04:10 IST" skipped="0">
  <testcase classname="testCases.EbayRegisterTest" name="testRegister" time="6.156"/>
</testsuite> <!-- testCases.EbayRegisterTest -->
