<?xml version="1.0" encoding="UTF-8"?>
<!-- Generated by org.testng.reporters.JUnitReportReporter -->
<testsuite hostname="DESKTOP-E83PQSV" failures="0" tests="1" name="testCases.EbayHomeTest" time="38.171" errors="0" timestamp="2024-12-02T19:50:36 IST" skipped="0">
  <testcase classname="testCases.EbayHomeTest" name="testSearch" time="38.171"/>
</testsuite> <!-- testCases.EbayHomeTest -->
